  [1m[36m (1.2ms)[0m  [1mCREATE TABLE "users" ("id" INTEGER PRIMARY KEY AUTOINCREMENT NOT NULL, "created_at" datetime NOT NULL, "updated_at" datetime NOT NULL, "email" varchar NOT NULL, "encrypted_password" varchar(128) NOT NULL, "confirmation_token" varchar(128), "remember_token" varchar(128) NOT NULL, "description" text) [0m
  [1m[35m (0.4ms)[0m  select sqlite_version(*)
  [1m[36m (1.1ms)[0m  [1mCREATE  INDEX "index_users_on_email" ON "users" ("email")[0m
  [1m[35m (0.1ms)[0m              SELECT sql
            FROM sqlite_master
            WHERE name='index_users_on_email' AND type='index'
            UNION ALL
            SELECT sql
            FROM sqlite_temp_master
            WHERE name='index_users_on_email' AND type='index'

  [1m[36m (0.9ms)[0m  [1mCREATE  INDEX "index_users_on_remember_token" ON "users" ("remember_token")[0m
  [1m[35m (2.3ms)[0m  CREATE TABLE "schema_migrations" ("version" varchar NOT NULL) 
  [1m[36m (1.2ms)[0m  [1mCREATE UNIQUE INDEX "unique_schema_migrations" ON "schema_migrations" ("version")[0m
  [1m[35m (0.2ms)[0m  SELECT version FROM "schema_migrations"
  [1m[36m (6.6ms)[0m  [1mINSERT INTO "schema_migrations" (version) VALUES ('20150610085100')[0m
  [1m[35m (2.5ms)[0m  INSERT INTO "schema_migrations" (version) VALUES ('20141001083822')
  [1m[36m (2.0ms)[0m  [1mCREATE TABLE "users" ("id" INTEGER PRIMARY KEY AUTOINCREMENT NOT NULL, "created_at" datetime NOT NULL, "updated_at" datetime NOT NULL, "email" varchar NOT NULL, "encrypted_password" varchar(128) NOT NULL, "confirmation_token" varchar(128), "remember_token" varchar(128) NOT NULL, "description" text) [0m
  [1m[35m (0.2ms)[0m  select sqlite_version(*)
  [1m[36m (1.5ms)[0m  [1mCREATE  INDEX "index_users_on_email" ON "users" ("email")[0m
  [1m[35m (0.3ms)[0m              SELECT sql
            FROM sqlite_master
            WHERE name='index_users_on_email' AND type='index'
            UNION ALL
            SELECT sql
            FROM sqlite_temp_master
            WHERE name='index_users_on_email' AND type='index'

  [1m[36m (1.4ms)[0m  [1mCREATE  INDEX "index_users_on_remember_token" ON "users" ("remember_token")[0m
  [1m[35m (1.0ms)[0m  CREATE TABLE "schema_migrations" ("version" varchar NOT NULL) 
  [1m[36m (0.8ms)[0m  [1mCREATE UNIQUE INDEX "unique_schema_migrations" ON "schema_migrations" ("version")[0m
  [1m[35m (0.1ms)[0m  SELECT version FROM "schema_migrations"
  [1m[36m (0.8ms)[0m  [1mINSERT INTO "schema_migrations" (version) VALUES ('20150610085100')[0m
  [1m[35m (0.8ms)[0m  INSERT INTO "schema_migrations" (version) VALUES ('20141001083822')
  [1m[36mActiveRecord::SchemaMigration Load (0.1ms)[0m  [1mSELECT "schema_migrations".* FROM "schema_migrations"[0m


Started GET "/" for ::1 at 2016-03-06 15:22:17 -0800
  [1m[36mActiveRecord::SchemaMigration Load (0.5ms)[0m  [1mSELECT "schema_migrations".* FROM "schema_migrations"[0m
Processing by ApplicationController#index as HTML
  [1m[35mUser Load (0.6ms)[0m  SELECT  "users".* FROM "users" WHERE "users"."remember_token" = ?  ORDER BY "users"."id" ASC LIMIT 1  [["remember_token", "642cb89d49f4c62a3db57f5bf871209f3725b153"]]
  Rendered application/index.html.erb within layouts/application (1.9ms)
  [1m[36mCACHE (0.0ms)[0m  [1mSELECT  "users".* FROM "users" WHERE "users"."remember_token" = ?  ORDER BY "users"."id" ASC LIMIT 1[0m  [["remember_token", "642cb89d49f4c62a3db57f5bf871209f3725b153"]]
  [1m[35mCACHE (0.0ms)[0m  SELECT  "users".* FROM "users" WHERE "users"."remember_token" = ?  ORDER BY "users"."id" ASC LIMIT 1  [["remember_token", "642cb89d49f4c62a3db57f5bf871209f3725b153"]]
  [1m[36mCACHE (0.0ms)[0m  [1mSELECT  "users".* FROM "users" WHERE "users"."remember_token" = ?  ORDER BY "users"."id" ASC LIMIT 1[0m  [["remember_token", "642cb89d49f4c62a3db57f5bf871209f3725b153"]]
Completed 200 OK in 576ms (Views: 547.8ms | ActiveRecord: 1.2ms)


Started GET "/assets/jquery.self-4c7649dd655c61cb850cfd2e71f937c3bbf3e3a752a3499ed8bb9884473fe1dd.js?body=1" for ::1 at 2016-03-06 15:22:18 -0800


Started GET "/assets/jquery_ujs.self-6ab23e892e77da88e18858a9137d4243a9f157d7c8457bfd489a4f931e6df840.js?body=1" for ::1 at 2016-03-06 15:22:18 -0800


Started GET "/assets/application.self-6a3cf5192354f71615ac51034b3e97c20eda99643fcaf5bbe6d41ad59bd12167.js?body=1" for ::1 at 2016-03-06 15:22:18 -0800


Started GET "/" for ::1 at 2016-03-06 15:22:30 -0800
Processing by ApplicationController#index as HTML
  [1m[35mUser Load (0.1ms)[0m  SELECT  "users".* FROM "users" WHERE "users"."remember_token" = ?  ORDER BY "users"."id" ASC LIMIT 1  [["remember_token", "642cb89d49f4c62a3db57f5bf871209f3725b153"]]
  Rendered application/index.html.erb within layouts/application (1.0ms)
  [1m[36mCACHE (0.1ms)[0m  [1mSELECT  "users".* FROM "users" WHERE "users"."remember_token" = ?  ORDER BY "users"."id" ASC LIMIT 1[0m  [["remember_token", "642cb89d49f4c62a3db57f5bf871209f3725b153"]]
  [1m[35mCACHE (0.0ms)[0m  SELECT  "users".* FROM "users" WHERE "users"."remember_token" = ?  ORDER BY "users"."id" ASC LIMIT 1  [["remember_token", "642cb89d49f4c62a3db57f5bf871209f3725b153"]]
  [1m[36mCACHE (0.1ms)[0m  [1mSELECT  "users".* FROM "users" WHERE "users"."remember_token" = ?  ORDER BY "users"."id" ASC LIMIT 1[0m  [["remember_token", "642cb89d49f4c62a3db57f5bf871209f3725b153"]]
Completed 200 OK in 16ms (Views: 14.3ms | ActiveRecord: 0.2ms)


Started GET "/assets/jquery.self-4c7649dd655c61cb850cfd2e71f937c3bbf3e3a752a3499ed8bb9884473fe1dd.js?body=1" for ::1 at 2016-03-06 15:22:30 -0800


Started GET "/assets/jquery_ujs.self-6ab23e892e77da88e18858a9137d4243a9f157d7c8457bfd489a4f931e6df840.js?body=1" for ::1 at 2016-03-06 15:22:30 -0800


Started GET "/assets/application.self-6a3cf5192354f71615ac51034b3e97c20eda99643fcaf5bbe6d41ad59bd12167.js?body=1" for ::1 at 2016-03-06 15:22:30 -0800


Started GET "/sign_in" for ::1 at 2016-03-06 15:22:38 -0800
Processing by Clearance::SessionsController#new as HTML
  Rendered sessions/_form.html.erb (14.9ms)
  Rendered sessions/new.html.erb within layouts/application (32.8ms)
  [1m[35mUser Load (0.2ms)[0m  SELECT  "users".* FROM "users" WHERE "users"."remember_token" = ?  ORDER BY "users"."id" ASC LIMIT 1  [["remember_token", "642cb89d49f4c62a3db57f5bf871209f3725b153"]]
  [1m[36mCACHE (0.0ms)[0m  [1mSELECT  "users".* FROM "users" WHERE "users"."remember_token" = ?  ORDER BY "users"."id" ASC LIMIT 1[0m  [["remember_token", "642cb89d49f4c62a3db57f5bf871209f3725b153"]]
  [1m[35mCACHE (0.0ms)[0m  SELECT  "users".* FROM "users" WHERE "users"."remember_token" = ?  ORDER BY "users"."id" ASC LIMIT 1  [["remember_token", "642cb89d49f4c62a3db57f5bf871209f3725b153"]]
Completed 200 OK in 52ms (Views: 51.3ms | ActiveRecord: 0.2ms)


Started GET "/" for ::1 at 2016-03-06 15:22:40 -0800
Processing by ApplicationController#index as HTML
  [1m[36mUser Load (0.1ms)[0m  [1mSELECT  "users".* FROM "users" WHERE "users"."remember_token" = ?  ORDER BY "users"."id" ASC LIMIT 1[0m  [["remember_token", "642cb89d49f4c62a3db57f5bf871209f3725b153"]]
  Rendered application/index.html.erb within layouts/application (0.2ms)
  [1m[35mCACHE (0.0ms)[0m  SELECT  "users".* FROM "users" WHERE "users"."remember_token" = ?  ORDER BY "users"."id" ASC LIMIT 1  [["remember_token", "642cb89d49f4c62a3db57f5bf871209f3725b153"]]
  [1m[36mCACHE (0.0ms)[0m  [1mSELECT  "users".* FROM "users" WHERE "users"."remember_token" = ?  ORDER BY "users"."id" ASC LIMIT 1[0m  [["remember_token", "642cb89d49f4c62a3db57f5bf871209f3725b153"]]
  [1m[35mCACHE (0.0ms)[0m  SELECT  "users".* FROM "users" WHERE "users"."remember_token" = ?  ORDER BY "users"."id" ASC LIMIT 1  [["remember_token", "642cb89d49f4c62a3db57f5bf871209f3725b153"]]
Completed 200 OK in 35ms (Views: 32.4ms | ActiveRecord: 0.2ms)


Started GET "/sign_up" for ::1 at 2016-03-06 15:22:41 -0800
Processing by Clearance::UsersController#new as HTML
  [1m[36mUser Load (0.1ms)[0m  [1mSELECT  "users".* FROM "users" WHERE "users"."remember_token" = ?  ORDER BY "users"."id" ASC LIMIT 1[0m  [["remember_token", "642cb89d49f4c62a3db57f5bf871209f3725b153"]]
  Rendered users/_form.html.erb (8.0ms)
  Rendered users/new.html.erb within layouts/application (15.2ms)
  [1m[35mCACHE (0.0ms)[0m  SELECT  "users".* FROM "users" WHERE "users"."remember_token" = ?  ORDER BY "users"."id" ASC LIMIT 1  [["remember_token", "642cb89d49f4c62a3db57f5bf871209f3725b153"]]
  [1m[36mCACHE (0.0ms)[0m  [1mSELECT  "users".* FROM "users" WHERE "users"."remember_token" = ?  ORDER BY "users"."id" ASC LIMIT 1[0m  [["remember_token", "642cb89d49f4c62a3db57f5bf871209f3725b153"]]
  [1m[35mCACHE (0.0ms)[0m  SELECT  "users".* FROM "users" WHERE "users"."remember_token" = ?  ORDER BY "users"."id" ASC LIMIT 1  [["remember_token", "642cb89d49f4c62a3db57f5bf871209f3725b153"]]
Completed 200 OK in 68ms (Views: 52.5ms | ActiveRecord: 0.2ms)


Started POST "/users" for ::1 at 2016-03-06 15:22:45 -0800
Processing by UsersController#create as HTML
  Parameters: {"utf8"=>"✓", "authenticity_token"=>"[FILTERED]", "user"=>{"email"=>"brissmyr@gmail.com", "password"=>"[FILTERED]"}, "commit"=>"Sign up"}
  [1m[36mUser Load (0.1ms)[0m  [1mSELECT  "users".* FROM "users" WHERE "users"."remember_token" = ?  ORDER BY "users"."id" ASC LIMIT 1[0m  [["remember_token", "642cb89d49f4c62a3db57f5bf871209f3725b153"]]
  [1m[35m (0.1ms)[0m  begin transaction
  [1m[36mUser Exists (0.4ms)[0m  [1mSELECT  1 AS one FROM "users" WHERE "users"."email" = 'brissmyr@gmail.com' LIMIT 1[0m
  [1m[35mSQL (1.0ms)[0m  INSERT INTO "users" ("email", "encrypted_password", "created_at", "updated_at", "remember_token") VALUES (?, ?, ?, ?, ?)  [["email", "brissmyr@gmail.com"], ["encrypted_password", "$2a$10$BOfti2ZtmGDfzmMIzGJxbOtX/a.4qN3TsnUJiMF4pkZqRwXo/twmC"], ["created_at", "2016-03-06 23:22:46.105982"], ["updated_at", "2016-03-06 23:22:46.105982"], ["remember_token", "2b599be37e44f724c87e8a472652e339b0c8b9e4"]]
  [1m[36m (0.8ms)[0m  [1mcommit transaction[0m
Redirected to http://localhost:4000/
Completed 302 Found in 2033ms (ActiveRecord: 2.5ms)


Started GET "/" for ::1 at 2016-03-06 15:22:48 -0800
Processing by ApplicationController#index as HTML
  [1m[35mUser Load (0.2ms)[0m  SELECT  "users".* FROM "users" WHERE "users"."remember_token" = ?  ORDER BY "users"."id" ASC LIMIT 1  [["remember_token", "2b599be37e44f724c87e8a472652e339b0c8b9e4"]]
Redirected to http://localhost:4000/account
Completed 302 Found in 3ms (ActiveRecord: 0.2ms)


Started GET "/account" for ::1 at 2016-03-06 15:22:48 -0800
Processing by AccountsController#show as HTML
  [1m[36mUser Load (0.2ms)[0m  [1mSELECT  "users".* FROM "users" WHERE "users"."remember_token" = ?  ORDER BY "users"."id" ASC LIMIT 1[0m  [["remember_token", "2b599be37e44f724c87e8a472652e339b0c8b9e4"]]
  Rendered accounts/show.html.erb within layouts/application (13.5ms)
Completed 200 OK in 58ms (Views: 55.8ms | ActiveRecord: 0.2ms)


Started DELETE "/sign_out" for ::1 at 2016-03-06 15:22:51 -0800
Processing by SessionsController#destroy as HTML
  Parameters: {"authenticity_token"=>"[FILTERED]"}
  [1m[35mUser Load (0.1ms)[0m  SELECT  "users".* FROM "users" WHERE "users"."remember_token" = ?  ORDER BY "users"."id" ASC LIMIT 1  [["remember_token", "2b599be37e44f724c87e8a472652e339b0c8b9e4"]]
  [1m[36m (0.1ms)[0m  [1mbegin transaction[0m
  [1m[35mSQL (0.6ms)[0m  UPDATE "users" SET "remember_token" = ?, "updated_at" = ? WHERE "users"."id" = ?  [["remember_token", "c26dbd366fb387c35698d336e6a05be3e8106747"], ["updated_at", "2016-03-06 23:22:52.164019"], ["id", 1]]
  [1m[36m (1.1ms)[0m  [1mcommit transaction[0m
Redirected to http://localhost:4000/sign_in
Completed 302 Found in 228ms (ActiveRecord: 1.9ms)


Started GET "/sign_in" for ::1 at 2016-03-06 15:22:52 -0800
Processing by Clearance::SessionsController#new as HTML
  Rendered sessions/_form.html.erb (2.5ms)
  Rendered sessions/new.html.erb within layouts/application (20.5ms)
Completed 200 OK in 41ms (Views: 40.7ms | ActiveRecord: 0.0ms)
